<?xml version="1.0" encoding="UTF-8"?>
<testsuite name="com.livemd.document.domain.UserDocumentsRepositoryTest" tests="1" skipped="0" failures="0" errors="0" timestamp="2020-10-20T04:45:19" hostname="DESKTOP-NRJ4RPV" time="0.676">
  <properties/>
  <testcase name="saveAndFindDocuments" classname="com.livemd.document.domain.UserDocumentsRepositoryTest" time="0.676"/>
  <system-out><![CDATA[13:45:14.541 [Test worker] DEBUG org.springframework.test.context.junit4.SpringJUnit4ClassRunner - SpringJUnit4ClassRunner constructor called with [class com.livemd.document.domain.UserDocumentsRepositoryTest]
13:45:14.556 [Test worker] DEBUG org.springframework.test.context.BootstrapUtils - Instantiating CacheAwareContextLoaderDelegate from class [org.springframework.test.context.cache.DefaultCacheAwareContextLoaderDelegate]
13:45:14.572 [Test worker] DEBUG org.springframework.test.context.BootstrapUtils - Instantiating BootstrapContext using constructor [public org.springframework.test.context.support.DefaultBootstrapContext(java.lang.Class,org.springframework.test.context.CacheAwareContextLoaderDelegate)]
13:45:14.588 [Test worker] DEBUG org.springframework.test.context.BootstrapUtils - Instantiating TestContextBootstrapper for test class [com.livemd.document.domain.UserDocumentsRepositoryTest] from class [org.springframework.boot.test.context.SpringBootTestContextBootstrapper]
13:45:14.603 [Test worker] INFO org.springframework.boot.test.context.SpringBootTestContextBootstrapper - Neither @ContextConfiguration nor @ContextHierarchy found for test class [com.livemd.document.domain.UserDocumentsRepositoryTest], using SpringBootContextLoader
13:45:14.619 [Test worker] DEBUG org.springframework.test.context.support.AbstractContextLoader - Did not detect default resource location for test class [com.livemd.document.domain.UserDocumentsRepositoryTest]: class path resource [com/livemd/document/domain/UserDocumentsRepositoryTest-context.xml] does not exist
13:45:14.619 [Test worker] DEBUG org.springframework.test.context.support.AbstractContextLoader - Did not detect default resource location for test class [com.livemd.document.domain.UserDocumentsRepositoryTest]: class path resource [com/livemd/document/domain/UserDocumentsRepositoryTestContext.groovy] does not exist
13:45:14.619 [Test worker] INFO org.springframework.test.context.support.AbstractContextLoader - Could not detect default resource locations for test class [com.livemd.document.domain.UserDocumentsRepositoryTest]: no resource found for suffixes {-context.xml, Context.groovy}.
13:45:14.619 [Test worker] INFO org.springframework.test.context.support.AnnotationConfigContextLoaderUtils - Could not detect default configuration classes for test class [com.livemd.document.domain.UserDocumentsRepositoryTest]: UserDocumentsRepositoryTest does not declare any static, non-private, non-final, nested classes annotated with @Configuration.
13:45:14.666 [Test worker] DEBUG org.springframework.test.context.support.ActiveProfilesUtils - Could not find an 'annotation declaring class' for annotation type [org.springframework.test.context.ActiveProfiles] and class [com.livemd.document.domain.UserDocumentsRepositoryTest]
13:45:14.759 [Test worker] DEBUG org.springframework.context.annotation.ClassPathScanningCandidateComponentProvider - Identified candidate component class: file [C:\LiveMD\server\spring-document\build\classes\java\main\com\livemd\document\Application.class]
13:45:14.759 [Test worker] INFO org.springframework.boot.test.context.SpringBootTestContextBootstrapper - Found @SpringBootConfiguration com.livemd.document.Application for test class com.livemd.document.domain.UserDocumentsRepositoryTest
13:45:14.931 [Test worker] DEBUG org.springframework.boot.test.context.SpringBootTestContextBootstrapper - @TestExecutionListeners is not present for class [com.livemd.document.domain.UserDocumentsRepositoryTest]: using defaults.
13:45:14.931 [Test worker] INFO org.springframework.boot.test.context.SpringBootTestContextBootstrapper - Loaded default TestExecutionListener class names from location [META-INF/spring.factories]: [org.springframework.boot.test.autoconfigure.restdocs.RestDocsTestExecutionListener, org.springframework.boot.test.autoconfigure.web.client.MockRestServiceServerResetTestExecutionListener, org.springframework.boot.test.autoconfigure.web.servlet.MockMvcPrintOnlyOnFailureTestExecutionListener, org.springframework.boot.test.autoconfigure.web.servlet.WebDriverTestExecutionListener, org.springframework.boot.test.mock.mockito.MockitoTestExecutionListener, org.springframework.boot.test.mock.mockito.ResetMocksTestExecutionListener, org.springframework.test.context.web.ServletTestExecutionListener, org.springframework.test.context.support.DirtiesContextBeforeModesTestExecutionListener, org.springframework.test.context.support.DependencyInjectionTestExecutionListener, org.springframework.test.context.support.DirtiesContextTestExecutionListener, org.springframework.test.context.transaction.TransactionalTestExecutionListener, org.springframework.test.context.jdbc.SqlScriptsTestExecutionListener]
13:45:14.963 [Test worker] INFO org.springframework.boot.test.context.SpringBootTestContextBootstrapper - Using TestExecutionListeners: [org.springframework.test.context.web.ServletTestExecutionListener@2694837f, org.springframework.test.context.support.DirtiesContextBeforeModesTestExecutionListener@412c5094, org.springframework.boot.test.mock.mockito.MockitoTestExecutionListener@4a3297e5, org.springframework.boot.test.autoconfigure.SpringBootDependencyInjectionTestExecutionListener@473b3807, org.springframework.test.context.support.DirtiesContextTestExecutionListener@4536c4e4, org.springframework.test.context.transaction.TransactionalTestExecutionListener@663d8426, org.springframework.test.context.jdbc.SqlScriptsTestExecutionListener@386ebabb, org.springframework.boot.test.autoconfigure.restdocs.RestDocsTestExecutionListener@260b56b1, org.springframework.boot.test.autoconfigure.web.client.MockRestServiceServerResetTestExecutionListener@5569a770, org.springframework.boot.test.autoconfigure.web.servlet.MockMvcPrintOnlyOnFailureTestExecutionListener@5fff054f, org.springframework.boot.test.autoconfigure.web.servlet.WebDriverTestExecutionListener@1289c769, org.springframework.boot.test.mock.mockito.ResetMocksTestExecutionListener@6e4ba557]
13:45:14.963 [Test worker] DEBUG org.springframework.test.annotation.ProfileValueUtils - Retrieved @ProfileValueSourceConfiguration [null] for test class [com.livemd.document.domain.UserDocumentsRepositoryTest]
13:45:14.963 [Test worker] DEBUG org.springframework.test.annotation.ProfileValueUtils - Retrieved ProfileValueSource type [class org.springframework.test.annotation.SystemProfileValueSource] for class [com.livemd.document.domain.UserDocumentsRepositoryTest]
13:45:14.963 [Test worker] DEBUG org.springframework.test.annotation.ProfileValueUtils - Retrieved @ProfileValueSourceConfiguration [null] for test class [com.livemd.document.domain.UserDocumentsRepositoryTest]
13:45:14.963 [Test worker] DEBUG org.springframework.test.annotation.ProfileValueUtils - Retrieved ProfileValueSource type [class org.springframework.test.annotation.SystemProfileValueSource] for class [com.livemd.document.domain.UserDocumentsRepositoryTest]
13:45:14.963 [Test worker] DEBUG org.springframework.test.annotation.ProfileValueUtils - Retrieved @ProfileValueSourceConfiguration [null] for test class [com.livemd.document.domain.UserDocumentsRepositoryTest]
13:45:14.963 [Test worker] DEBUG org.springframework.test.annotation.ProfileValueUtils - Retrieved ProfileValueSource type [class org.springframework.test.annotation.SystemProfileValueSource] for class [com.livemd.document.domain.UserDocumentsRepositoryTest]
13:45:14.978 [Test worker] DEBUG org.springframework.test.context.support.AbstractDirtiesContextTestExecutionListener - Before test class: context [DefaultTestContext@296035ac testClass = UserDocumentsRepositoryTest, testInstance = [null], testMethod = [null], testException = [null], mergedContextConfiguration = [WebMergedContextConfiguration@4e7ae0f8 testClass = UserDocumentsRepositoryTest, locations = '{}', classes = '{class com.livemd.document.Application}', contextInitializerClasses = '[]', activeProfiles = '{}', propertySourceLocations = '{}', propertySourceProperties = '{org.springframework.boot.test.context.SpringBootTestContextBootstrapper=true}', contextCustomizers = set[org.springframework.boot.test.autoconfigure.properties.PropertyMappingContextCustomizer@0, org.springframework.boot.test.autoconfigure.web.servlet.WebDriverContextCustomizerFactory$Customizer@6baec267, org.springframework.boot.test.context.filter.ExcludeFilterContextCustomizer@68aab72c, org.springframework.boot.test.json.DuplicateJsonObjectContextCustomizerFactory$DuplicateJsonObjectContextCustomizer@13272b4, org.springframework.boot.test.mock.mockito.MockitoContextCustomizer@0, org.springframework.boot.test.web.client.TestRestTemplateContextCustomizer@38725103], resourceBasePath = 'src/main/webapp', contextLoader = 'org.springframework.boot.test.context.SpringBootContextLoader', parent = [null]], attributes = map['org.springframework.test.context.web.ServletTestExecutionListener.activateListener' -> true]], class annotated with @DirtiesContext [false] with mode [null].
13:45:14.978 [Test worker] DEBUG org.springframework.test.annotation.ProfileValueUtils - Retrieved @ProfileValueSourceConfiguration [null] for test class [com.livemd.document.domain.UserDocumentsRepositoryTest]
13:45:14.978 [Test worker] DEBUG org.springframework.test.annotation.ProfileValueUtils - Retrieved ProfileValueSource type [class org.springframework.test.annotation.SystemProfileValueSource] for class [com.livemd.document.domain.UserDocumentsRepositoryTest]
13:45:14.994 [Test worker] DEBUG org.springframework.test.context.support.TestPropertySourceUtils - Adding inlined properties to environment: {spring.jmx.enabled=false, org.springframework.boot.test.context.SpringBootTestContextBootstrapper=true, server.port=-1}

  .   ____          _            __ _ _
 /\\ / ___'_ __ _ _(_)_ __  __ _ \ \ \ \
( ( )\___ | '_ | '_| | '_ \/ _` | \ \ \ \
 \\/  ___)| |_)| | | | | || (_| |  ) ) ) )
  '  |____| .__|_| |_|_| |_\__, | / / / /
 =========|_|==============|___/=/_/_/_/
 :: Spring Boot ::        (v2.1.7.RELEASE)

2020-10-20 13:45:15.306  INFO 2088 --- [    Test worker] c.l.d.d.UserDocumentsRepositoryTest      : Starting UserDocumentsRepositoryTest on DESKTOP-NRJ4RPV with PID 2088 (started by user in C:\LiveMD\server\spring-document)
2020-10-20 13:45:15.306  INFO 2088 --- [    Test worker] c.l.d.d.UserDocumentsRepositoryTest      : No active profile set, falling back to default profiles: default
2020-10-20 13:45:16.154  INFO 2088 --- [    Test worker] .s.d.r.c.RepositoryConfigurationDelegate : Bootstrapping Spring Data repositories in DEFAULT mode.
2020-10-20 13:45:16.243  INFO 2088 --- [    Test worker] .s.d.r.c.RepositoryConfigurationDelegate : Finished Spring Data repository scanning in 78ms. Found 1 repository interfaces.
2020-10-20 13:45:16.682  INFO 2088 --- [    Test worker] trationDelegate$BeanPostProcessorChecker : Bean 'org.springframework.transaction.annotation.ProxyTransactionManagementConfiguration' of type [org.springframework.transaction.annotation.ProxyTransactionManagementConfiguration$$EnhancerBySpringCGLIB$$b7ecb2e3] is not eligible for getting processed by all BeanPostProcessors (for example: not eligible for auto-proxying)
2020-10-20 13:45:16.932  INFO 2088 --- [    Test worker] com.zaxxer.hikari.HikariDataSource       : HikariPool-1 - Starting...
2020-10-20 13:45:17.166  INFO 2088 --- [    Test worker] com.zaxxer.hikari.HikariDataSource       : HikariPool-1 - Start completed.
2020-10-20 13:45:17.260  INFO 2088 --- [    Test worker] o.hibernate.jpa.internal.util.LogHelper  : HHH000204: Processing PersistenceUnitInfo [
	name: default
	...]
2020-10-20 13:45:17.354  INFO 2088 --- [    Test worker] org.hibernate.Version                    : HHH000412: Hibernate Core {5.3.10.Final}
2020-10-20 13:45:17.354  INFO 2088 --- [    Test worker] org.hibernate.cfg.Environment            : HHH000206: hibernate.properties not found
2020-10-20 13:45:17.510  INFO 2088 --- [    Test worker] o.hibernate.annotations.common.Version   : HCANN000001: Hibernate Commons Annotations {5.0.4.Final}
2020-10-20 13:45:17.692  INFO 2088 --- [    Test worker] org.hibernate.dialect.Dialect            : HHH000400: Using dialect: org.hibernate.dialect.MySQL5InnoDBDialect
Hibernate: drop table if exists user_documents
Hibernate: create table user_documents (id bigint not null auto_increment, content varchar(255), owner varchar(255) not null, title varchar(255), uuid varchar(255) not null, primary key (id)) engine=InnoDB
Hibernate: alter table user_documents add constraint UK_ay0rn6kevgx79qgecvaur95ot unique (uuid)
2020-10-20 13:45:18.323  INFO 2088 --- [    Test worker] o.h.t.schema.internal.SchemaCreatorImpl  : HHH000476: Executing import script 'org.hibernate.tool.schema.internal.exec.ScriptSourceInputNonExistentImpl@3914b5d6'
2020-10-20 13:45:18.327  INFO 2088 --- [    Test worker] j.LocalContainerEntityManagerFactoryBean : Initialized JPA EntityManagerFactory for persistence unit 'default'
2020-10-20 13:45:19.400  INFO 2088 --- [    Test worker] o.s.s.concurrent.ThreadPoolTaskExecutor  : Initializing ExecutorService 'applicationTaskExecutor'
2020-10-20 13:45:19.478  WARN 2088 --- [    Test worker] aWebConfiguration$JpaWebMvcConfiguration : spring.jpa.open-in-view is enabled by default. Therefore, database queries may be performed during view rendering. Explicitly configure spring.jpa.open-in-view to disable this warning
2020-10-20 13:45:19.915  INFO 2088 --- [    Test worker] c.l.d.d.UserDocumentsRepositoryTest      : Started UserDocumentsRepositoryTest in 4.906 seconds (JVM running for 6.143)
Hibernate: insert into user_documents (content, owner, title, uuid) values (?, ?, ?, ?)
2020-10-20 13:45:20.384  INFO 2088 --- [    Test worker] o.h.h.i.QueryTranslatorFactoryInitiator  : HHH000397: Using ASTQueryTranslatorFactory
Hibernate: select userdocume0_.id as id1_0_, userdocume0_.content as content2_0_, userdocume0_.owner as owner3_0_, userdocume0_.title as title4_0_, userdocume0_.uuid as uuid5_0_ from user_documents userdocume0_
Hibernate: select userdocume0_.id as id1_0_, userdocume0_.content as content2_0_, userdocume0_.owner as owner3_0_, userdocume0_.title as title4_0_, userdocume0_.uuid as uuid5_0_ from user_documents userdocume0_
Hibernate: delete from user_documents where id=?
]]></system-out>
  <system-err><![CDATA[]]></system-err>
</testsuite>
