<?xml version="1.0" encoding="UTF-8"?>
<testsuite name="com.livemd.document.api.DocumentsApiControllerTest" tests="1" skipped="0" failures="0" errors="0" timestamp="2020-10-17T05:12:58" hostname="DESKTOP-NRJ4RPV" time="1.045">
  <properties/>
  <testcase name="updateDocumentsTitle" classname="com.livemd.document.api.DocumentsApiControllerTest" time="1.045"/>
  <system-out><![CDATA[14:12:51.345 [Test worker] DEBUG org.springframework.test.context.junit4.SpringJUnit4ClassRunner - SpringJUnit4ClassRunner constructor called with [class com.livemd.document.api.DocumentsApiControllerTest]
14:12:51.361 [Test worker] DEBUG org.springframework.test.context.BootstrapUtils - Instantiating CacheAwareContextLoaderDelegate from class [org.springframework.test.context.cache.DefaultCacheAwareContextLoaderDelegate]
14:12:51.375 [Test worker] DEBUG org.springframework.test.context.BootstrapUtils - Instantiating BootstrapContext using constructor [public org.springframework.test.context.support.DefaultBootstrapContext(java.lang.Class,org.springframework.test.context.CacheAwareContextLoaderDelegate)]
14:12:51.401 [Test worker] DEBUG org.springframework.test.context.BootstrapUtils - Instantiating TestContextBootstrapper for test class [com.livemd.document.api.DocumentsApiControllerTest] from class [org.springframework.boot.test.context.SpringBootTestContextBootstrapper]
14:12:51.424 [Test worker] INFO org.springframework.boot.test.context.SpringBootTestContextBootstrapper - Neither @ContextConfiguration nor @ContextHierarchy found for test class [com.livemd.document.api.DocumentsApiControllerTest], using SpringBootContextLoader
14:12:51.429 [Test worker] DEBUG org.springframework.test.context.support.AbstractContextLoader - Did not detect default resource location for test class [com.livemd.document.api.DocumentsApiControllerTest]: class path resource [com/livemd/document/api/DocumentsApiControllerTest-context.xml] does not exist
14:12:51.429 [Test worker] DEBUG org.springframework.test.context.support.AbstractContextLoader - Did not detect default resource location for test class [com.livemd.document.api.DocumentsApiControllerTest]: class path resource [com/livemd/document/api/DocumentsApiControllerTestContext.groovy] does not exist
14:12:51.429 [Test worker] INFO org.springframework.test.context.support.AbstractContextLoader - Could not detect default resource locations for test class [com.livemd.document.api.DocumentsApiControllerTest]: no resource found for suffixes {-context.xml, Context.groovy}.
14:12:51.432 [Test worker] INFO org.springframework.test.context.support.AnnotationConfigContextLoaderUtils - Could not detect default configuration classes for test class [com.livemd.document.api.DocumentsApiControllerTest]: DocumentsApiControllerTest does not declare any static, non-private, non-final, nested classes annotated with @Configuration.
14:12:51.484 [Test worker] DEBUG org.springframework.test.context.support.ActiveProfilesUtils - Could not find an 'annotation declaring class' for annotation type [org.springframework.test.context.ActiveProfiles] and class [com.livemd.document.api.DocumentsApiControllerTest]
14:12:51.558 [Test worker] DEBUG org.springframework.context.annotation.ClassPathScanningCandidateComponentProvider - Identified candidate component class: file [C:\final_project_document\build\classes\java\main\com\livemd\document\Application.class]
14:12:51.562 [Test worker] INFO org.springframework.boot.test.context.SpringBootTestContextBootstrapper - Found @SpringBootConfiguration com.livemd.document.Application for test class com.livemd.document.api.DocumentsApiControllerTest
14:12:51.669 [Test worker] DEBUG org.springframework.boot.test.context.SpringBootTestContextBootstrapper - @TestExecutionListeners is not present for class [com.livemd.document.api.DocumentsApiControllerTest]: using defaults.
14:12:51.673 [Test worker] INFO org.springframework.boot.test.context.SpringBootTestContextBootstrapper - Loaded default TestExecutionListener class names from location [META-INF/spring.factories]: [org.springframework.boot.test.autoconfigure.restdocs.RestDocsTestExecutionListener, org.springframework.boot.test.autoconfigure.web.client.MockRestServiceServerResetTestExecutionListener, org.springframework.boot.test.autoconfigure.web.servlet.MockMvcPrintOnlyOnFailureTestExecutionListener, org.springframework.boot.test.autoconfigure.web.servlet.WebDriverTestExecutionListener, org.springframework.boot.test.mock.mockito.MockitoTestExecutionListener, org.springframework.boot.test.mock.mockito.ResetMocksTestExecutionListener, org.springframework.test.context.web.ServletTestExecutionListener, org.springframework.test.context.support.DirtiesContextBeforeModesTestExecutionListener, org.springframework.test.context.support.DependencyInjectionTestExecutionListener, org.springframework.test.context.support.DirtiesContextTestExecutionListener, org.springframework.test.context.transaction.TransactionalTestExecutionListener, org.springframework.test.context.jdbc.SqlScriptsTestExecutionListener]
14:12:51.692 [Test worker] INFO org.springframework.boot.test.context.SpringBootTestContextBootstrapper - Using TestExecutionListeners: [org.springframework.test.context.web.ServletTestExecutionListener@48cf13bb, org.springframework.test.context.support.DirtiesContextBeforeModesTestExecutionListener@466e0f47, org.springframework.boot.test.mock.mockito.MockitoTestExecutionListener@3b1b432e, org.springframework.boot.test.autoconfigure.SpringBootDependencyInjectionTestExecutionListener@225bdacb, org.springframework.test.context.support.DirtiesContextTestExecutionListener@12b957f0, org.springframework.test.context.transaction.TransactionalTestExecutionListener@241b76d7, org.springframework.test.context.jdbc.SqlScriptsTestExecutionListener@45785349, org.springframework.boot.test.autoconfigure.restdocs.RestDocsTestExecutionListener@398944af, org.springframework.boot.test.autoconfigure.web.client.MockRestServiceServerResetTestExecutionListener@615782b9, org.springframework.boot.test.autoconfigure.web.servlet.MockMvcPrintOnlyOnFailureTestExecutionListener@1e85ed8a, org.springframework.boot.test.autoconfigure.web.servlet.WebDriverTestExecutionListener@19601708, org.springframework.boot.test.mock.mockito.ResetMocksTestExecutionListener@6a3f84b7]
14:12:51.701 [Test worker] DEBUG org.springframework.test.annotation.ProfileValueUtils - Retrieved @ProfileValueSourceConfiguration [null] for test class [com.livemd.document.api.DocumentsApiControllerTest]
14:12:51.702 [Test worker] DEBUG org.springframework.test.annotation.ProfileValueUtils - Retrieved ProfileValueSource type [class org.springframework.test.annotation.SystemProfileValueSource] for class [com.livemd.document.api.DocumentsApiControllerTest]
14:12:51.707 [Test worker] DEBUG org.springframework.test.annotation.ProfileValueUtils - Retrieved @ProfileValueSourceConfiguration [null] for test class [com.livemd.document.api.DocumentsApiControllerTest]
14:12:51.707 [Test worker] DEBUG org.springframework.test.annotation.ProfileValueUtils - Retrieved ProfileValueSource type [class org.springframework.test.annotation.SystemProfileValueSource] for class [com.livemd.document.api.DocumentsApiControllerTest]
14:12:51.708 [Test worker] DEBUG org.springframework.test.annotation.ProfileValueUtils - Retrieved @ProfileValueSourceConfiguration [null] for test class [com.livemd.document.api.DocumentsApiControllerTest]
14:12:51.708 [Test worker] DEBUG org.springframework.test.annotation.ProfileValueUtils - Retrieved ProfileValueSource type [class org.springframework.test.annotation.SystemProfileValueSource] for class [com.livemd.document.api.DocumentsApiControllerTest]
14:12:51.713 [Test worker] DEBUG org.springframework.test.context.support.AbstractDirtiesContextTestExecutionListener - Before test class: context [DefaultTestContext@771ce596 testClass = DocumentsApiControllerTest, testInstance = [null], testMethod = [null], testException = [null], mergedContextConfiguration = [WebMergedContextConfiguration@510cbe4a testClass = DocumentsApiControllerTest, locations = '{}', classes = '{class com.livemd.document.Application}', contextInitializerClasses = '[]', activeProfiles = '{}', propertySourceLocations = '{}', propertySourceProperties = '{org.springframework.boot.test.context.SpringBootTestContextBootstrapper=true, server.port=0}', contextCustomizers = set[org.springframework.boot.test.autoconfigure.properties.PropertyMappingContextCustomizer@0, org.springframework.boot.test.autoconfigure.web.servlet.WebDriverContextCustomizerFactory$Customizer@3a9bf057, org.springframework.boot.test.context.filter.ExcludeFilterContextCustomizer@33cc4e0f, org.springframework.boot.test.json.DuplicateJsonObjectContextCustomizerFactory$DuplicateJsonObjectContextCustomizer@3c13c103, org.springframework.boot.test.mock.mockito.MockitoContextCustomizer@0, org.springframework.boot.test.web.client.TestRestTemplateContextCustomizer@7319ea12], resourceBasePath = 'src/main/webapp', contextLoader = 'org.springframework.boot.test.context.SpringBootContextLoader', parent = [null]], attributes = map['org.springframework.test.context.web.ServletTestExecutionListener.activateListener' -> false]], class annotated with @DirtiesContext [false] with mode [null].
14:12:51.715 [Test worker] DEBUG org.springframework.test.annotation.ProfileValueUtils - Retrieved @ProfileValueSourceConfiguration [null] for test class [com.livemd.document.api.DocumentsApiControllerTest]
14:12:51.715 [Test worker] DEBUG org.springframework.test.annotation.ProfileValueUtils - Retrieved ProfileValueSource type [class org.springframework.test.annotation.SystemProfileValueSource] for class [com.livemd.document.api.DocumentsApiControllerTest]
14:12:51.719 [Test worker] DEBUG org.springframework.test.context.support.DependencyInjectionTestExecutionListener - Performing dependency injection for test context [[DefaultTestContext@771ce596 testClass = DocumentsApiControllerTest, testInstance = com.livemd.document.api.DocumentsApiControllerTest@d1c096d, testMethod = [null], testException = [null], mergedContextConfiguration = [WebMergedContextConfiguration@510cbe4a testClass = DocumentsApiControllerTest, locations = '{}', classes = '{class com.livemd.document.Application}', contextInitializerClasses = '[]', activeProfiles = '{}', propertySourceLocations = '{}', propertySourceProperties = '{org.springframework.boot.test.context.SpringBootTestContextBootstrapper=true, server.port=0}', contextCustomizers = set[org.springframework.boot.test.autoconfigure.properties.PropertyMappingContextCustomizer@0, org.springframework.boot.test.autoconfigure.web.servlet.WebDriverContextCustomizerFactory$Customizer@3a9bf057, org.springframework.boot.test.context.filter.ExcludeFilterContextCustomizer@33cc4e0f, org.springframework.boot.test.json.DuplicateJsonObjectContextCustomizerFactory$DuplicateJsonObjectContextCustomizer@3c13c103, org.springframework.boot.test.mock.mockito.MockitoContextCustomizer@0, org.springframework.boot.test.web.client.TestRestTemplateContextCustomizer@7319ea12], resourceBasePath = 'src/main/webapp', contextLoader = 'org.springframework.boot.test.context.SpringBootContextLoader', parent = [null]], attributes = map['org.springframework.test.context.web.ServletTestExecutionListener.activateListener' -> false]]].
14:12:51.752 [Test worker] DEBUG org.springframework.test.context.support.TestPropertySourceUtils - Adding inlined properties to environment: {spring.jmx.enabled=false, org.springframework.boot.test.context.SpringBootTestContextBootstrapper=true, server.port=0}

  .   ____          _            __ _ _
 /\\ / ___'_ __ _ _(_)_ __  __ _ \ \ \ \
( ( )\___ | '_ | '_| | '_ \/ _` | \ \ \ \
 \\/  ___)| |_)| | | | | || (_| |  ) ) ) )
  '  |____| .__|_| |_|_| |_\__, | / / / /
 =========|_|==============|___/=/_/_/_/
 :: Spring Boot ::        (v2.1.7.RELEASE)

2020-10-17 14:12:52.106  INFO 14088 --- [    Test worker] c.l.d.api.DocumentsApiControllerTest     : Starting DocumentsApiControllerTest on DESKTOP-NRJ4RPV with PID 14088 (started by user in C:\final_project_document)
2020-10-17 14:12:52.107  INFO 14088 --- [    Test worker] c.l.d.api.DocumentsApiControllerTest     : No active profile set, falling back to default profiles: default
2020-10-17 14:12:53.147  INFO 14088 --- [    Test worker] .s.d.r.c.RepositoryConfigurationDelegate : Bootstrapping Spring Data repositories in DEFAULT mode.
2020-10-17 14:12:53.258  INFO 14088 --- [    Test worker] .s.d.r.c.RepositoryConfigurationDelegate : Finished Spring Data repository scanning in 95ms. Found 1 repository interfaces.
2020-10-17 14:12:53.759  INFO 14088 --- [    Test worker] trationDelegate$BeanPostProcessorChecker : Bean 'org.springframework.transaction.annotation.ProxyTransactionManagementConfiguration' of type [org.springframework.transaction.annotation.ProxyTransactionManagementConfiguration$$EnhancerBySpringCGLIB$$98a4dd13] is not eligible for getting processed by all BeanPostProcessors (for example: not eligible for auto-proxying)
2020-10-17 14:12:54.484  INFO 14088 --- [    Test worker] o.s.b.w.embedded.tomcat.TomcatWebServer  : Tomcat initialized with port(s): 0 (http)
2020-10-17 14:12:54.525  INFO 14088 --- [    Test worker] o.apache.catalina.core.StandardService   : Starting service [Tomcat]
2020-10-17 14:12:54.526  INFO 14088 --- [    Test worker] org.apache.catalina.core.StandardEngine  : Starting Servlet engine: [Apache Tomcat/9.0.22]
2020-10-17 14:12:54.717  INFO 14088 --- [    Test worker] o.a.c.c.C.[Tomcat].[localhost].[/]       : Initializing Spring embedded WebApplicationContext
2020-10-17 14:12:54.717  INFO 14088 --- [    Test worker] o.s.web.context.ContextLoader            : Root WebApplicationContext: initialization completed in 2578 ms
2020-10-17 14:12:55.040  INFO 14088 --- [    Test worker] com.zaxxer.hikari.HikariDataSource       : HikariPool-1 - Starting...
2020-10-17 14:12:55.290  INFO 14088 --- [    Test worker] com.zaxxer.hikari.HikariDataSource       : HikariPool-1 - Start completed.
2020-10-17 14:12:55.406  INFO 14088 --- [    Test worker] o.hibernate.jpa.internal.util.LogHelper  : HHH000204: Processing PersistenceUnitInfo [
	name: default
	...]
2020-10-17 14:12:55.521  INFO 14088 --- [    Test worker] org.hibernate.Version                    : HHH000412: Hibernate Core {5.3.10.Final}
2020-10-17 14:12:55.523  INFO 14088 --- [    Test worker] org.hibernate.cfg.Environment            : HHH000206: hibernate.properties not found
2020-10-17 14:12:55.793  INFO 14088 --- [    Test worker] o.hibernate.annotations.common.Version   : HCANN000001: Hibernate Commons Annotations {5.0.4.Final}
2020-10-17 14:12:56.007  INFO 14088 --- [    Test worker] org.hibernate.dialect.Dialect            : HHH000400: Using dialect: org.hibernate.dialect.MySQL5InnoDBDialect
Hibernate: drop table if exists documents
Hibernate: create table documents (id bigint not null auto_increment, content varchar(255), owner varchar(255) not null, title varchar(255) not null, primary key (id)) engine=InnoDB
2020-10-17 14:12:56.992  INFO 14088 --- [    Test worker] o.h.t.schema.internal.SchemaCreatorImpl  : HHH000476: Executing import script 'org.hibernate.tool.schema.internal.exec.ScriptSourceInputNonExistentImpl@665482d3'
2020-10-17 14:12:56.995  INFO 14088 --- [    Test worker] j.LocalContainerEntityManagerFactoryBean : Initialized JPA EntityManagerFactory for persistence unit 'default'
2020-10-17 14:12:58.067  INFO 14088 --- [    Test worker] o.s.s.concurrent.ThreadPoolTaskExecutor  : Initializing ExecutorService 'applicationTaskExecutor'
2020-10-17 14:12:58.140  WARN 14088 --- [    Test worker] aWebConfiguration$JpaWebMvcConfiguration : spring.jpa.open-in-view is enabled by default. Therefore, database queries may be performed during view rendering. Explicitly configure spring.jpa.open-in-view to disable this warning
2020-10-17 14:12:58.691  INFO 14088 --- [    Test worker] o.s.b.w.embedded.tomcat.TomcatWebServer  : Tomcat started on port(s): 61579 (http) with context path ''
2020-10-17 14:12:58.697  INFO 14088 --- [    Test worker] c.l.d.api.DocumentsApiControllerTest     : Started DocumentsApiControllerTest in 6.942 seconds (JVM running for 8.239)
Hibernate: insert into documents (content, owner, title) values (?, ?, ?)
2020-10-17 14:12:59.087  INFO 14088 --- [o-auto-1-exec-1] o.a.c.c.C.[Tomcat].[localhost].[/]       : Initializing Spring DispatcherServlet 'dispatcherServlet'
2020-10-17 14:12:59.087  INFO 14088 --- [o-auto-1-exec-1] o.s.web.servlet.DispatcherServlet        : Initializing Servlet 'dispatcherServlet'
2020-10-17 14:12:59.131  INFO 14088 --- [o-auto-1-exec-1] o.s.web.servlet.DispatcherServlet        : Completed initialization in 44 ms
Hibernate: select documents0_.id as id1_0_0_, documents0_.content as content2_0_0_, documents0_.owner as owner3_0_0_, documents0_.title as title4_0_0_ from documents documents0_ where documents0_.id=?
Hibernate: update documents set content=?, owner=?, title=? where id=?
2020-10-17 14:12:59.527  INFO 14088 --- [    Test worker] o.h.h.i.QueryTranslatorFactoryInitiator  : HHH000397: Using ASTQueryTranslatorFactory
Hibernate: select documents0_.id as id1_0_, documents0_.content as content2_0_, documents0_.owner as owner3_0_, documents0_.title as title4_0_ from documents documents0_
Hibernate: select documents0_.id as id1_0_, documents0_.content as content2_0_, documents0_.owner as owner3_0_, documents0_.title as title4_0_ from documents documents0_
Hibernate: delete from documents where id=?
]]></system-out>
  <system-err><![CDATA[]]></system-err>
</testsuite>
