<?xml version="1.0" encoding="UTF-8"?>
<testsuite name="com.livemd.document.api.DocumentsApiControllerTest" tests="1" skipped="0" failures="0" errors="0" timestamp="2020-10-15T01:52:10" hostname="DESKTOP-NRJ4RPV" time="1.563">
  <properties/>
  <testcase name="createDocuments" classname="com.livemd.document.api.DocumentsApiControllerTest" time="1.563"/>
  <system-out><![CDATA[10:52:02.207 [Test worker] DEBUG org.springframework.test.context.junit4.SpringJUnit4ClassRunner - SpringJUnit4ClassRunner constructor called with [class com.livemd.document.api.DocumentsApiControllerTest]
10:52:02.219 [Test worker] DEBUG org.springframework.test.context.BootstrapUtils - Instantiating CacheAwareContextLoaderDelegate from class [org.springframework.test.context.cache.DefaultCacheAwareContextLoaderDelegate]
10:52:02.236 [Test worker] DEBUG org.springframework.test.context.BootstrapUtils - Instantiating BootstrapContext using constructor [public org.springframework.test.context.support.DefaultBootstrapContext(java.lang.Class,org.springframework.test.context.CacheAwareContextLoaderDelegate)]
10:52:02.266 [Test worker] DEBUG org.springframework.test.context.BootstrapUtils - Instantiating TestContextBootstrapper for test class [com.livemd.document.api.DocumentsApiControllerTest] from class [org.springframework.boot.test.context.SpringBootTestContextBootstrapper]
10:52:02.298 [Test worker] INFO org.springframework.boot.test.context.SpringBootTestContextBootstrapper - Neither @ContextConfiguration nor @ContextHierarchy found for test class [com.livemd.document.api.DocumentsApiControllerTest], using SpringBootContextLoader
10:52:02.303 [Test worker] DEBUG org.springframework.test.context.support.AbstractContextLoader - Did not detect default resource location for test class [com.livemd.document.api.DocumentsApiControllerTest]: class path resource [com/livemd/document/api/DocumentsApiControllerTest-context.xml] does not exist
10:52:02.303 [Test worker] DEBUG org.springframework.test.context.support.AbstractContextLoader - Did not detect default resource location for test class [com.livemd.document.api.DocumentsApiControllerTest]: class path resource [com/livemd/document/api/DocumentsApiControllerTestContext.groovy] does not exist
10:52:02.303 [Test worker] INFO org.springframework.test.context.support.AbstractContextLoader - Could not detect default resource locations for test class [com.livemd.document.api.DocumentsApiControllerTest]: no resource found for suffixes {-context.xml, Context.groovy}.
10:52:02.305 [Test worker] INFO org.springframework.test.context.support.AnnotationConfigContextLoaderUtils - Could not detect default configuration classes for test class [com.livemd.document.api.DocumentsApiControllerTest]: DocumentsApiControllerTest does not declare any static, non-private, non-final, nested classes annotated with @Configuration.
10:52:02.373 [Test worker] DEBUG org.springframework.test.context.support.ActiveProfilesUtils - Could not find an 'annotation declaring class' for annotation type [org.springframework.test.context.ActiveProfiles] and class [com.livemd.document.api.DocumentsApiControllerTest]
10:52:02.492 [Test worker] DEBUG org.springframework.context.annotation.ClassPathScanningCandidateComponentProvider - Identified candidate component class: file [C:\final_project_document\build\classes\java\main\com\livemd\document\Application.class]
10:52:02.495 [Test worker] INFO org.springframework.boot.test.context.SpringBootTestContextBootstrapper - Found @SpringBootConfiguration com.livemd.document.Application for test class com.livemd.document.api.DocumentsApiControllerTest
10:52:02.641 [Test worker] DEBUG org.springframework.boot.test.context.SpringBootTestContextBootstrapper - @TestExecutionListeners is not present for class [com.livemd.document.api.DocumentsApiControllerTest]: using defaults.
10:52:02.643 [Test worker] INFO org.springframework.boot.test.context.SpringBootTestContextBootstrapper - Loaded default TestExecutionListener class names from location [META-INF/spring.factories]: [org.springframework.boot.test.autoconfigure.restdocs.RestDocsTestExecutionListener, org.springframework.boot.test.autoconfigure.web.client.MockRestServiceServerResetTestExecutionListener, org.springframework.boot.test.autoconfigure.web.servlet.MockMvcPrintOnlyOnFailureTestExecutionListener, org.springframework.boot.test.autoconfigure.web.servlet.WebDriverTestExecutionListener, org.springframework.boot.test.mock.mockito.MockitoTestExecutionListener, org.springframework.boot.test.mock.mockito.ResetMocksTestExecutionListener, org.springframework.test.context.web.ServletTestExecutionListener, org.springframework.test.context.support.DirtiesContextBeforeModesTestExecutionListener, org.springframework.test.context.support.DependencyInjectionTestExecutionListener, org.springframework.test.context.support.DirtiesContextTestExecutionListener, org.springframework.test.context.transaction.TransactionalTestExecutionListener, org.springframework.test.context.jdbc.SqlScriptsTestExecutionListener]
10:52:02.679 [Test worker] INFO org.springframework.boot.test.context.SpringBootTestContextBootstrapper - Using TestExecutionListeners: [org.springframework.test.context.web.ServletTestExecutionListener@51f37b3b, org.springframework.test.context.support.DirtiesContextBeforeModesTestExecutionListener@d1d4ce3, org.springframework.boot.test.mock.mockito.MockitoTestExecutionListener@3e4f310a, org.springframework.boot.test.autoconfigure.SpringBootDependencyInjectionTestExecutionListener@46d84c9f, org.springframework.test.context.support.DirtiesContextTestExecutionListener@c38cddc, org.springframework.test.context.transaction.TransactionalTestExecutionListener@6ba5f2ec, org.springframework.test.context.jdbc.SqlScriptsTestExecutionListener@2c2559f3, org.springframework.boot.test.autoconfigure.restdocs.RestDocsTestExecutionListener@281d545c, org.springframework.boot.test.autoconfigure.web.client.MockRestServiceServerResetTestExecutionListener@62013aae, org.springframework.boot.test.autoconfigure.web.servlet.MockMvcPrintOnlyOnFailureTestExecutionListener@26778690, org.springframework.boot.test.autoconfigure.web.servlet.WebDriverTestExecutionListener@209bb96c, org.springframework.boot.test.mock.mockito.ResetMocksTestExecutionListener@6266a697]
10:52:02.684 [Test worker] DEBUG org.springframework.test.annotation.ProfileValueUtils - Retrieved @ProfileValueSourceConfiguration [null] for test class [com.livemd.document.api.DocumentsApiControllerTest]
10:52:02.684 [Test worker] DEBUG org.springframework.test.annotation.ProfileValueUtils - Retrieved ProfileValueSource type [class org.springframework.test.annotation.SystemProfileValueSource] for class [com.livemd.document.api.DocumentsApiControllerTest]
10:52:02.689 [Test worker] DEBUG org.springframework.test.annotation.ProfileValueUtils - Retrieved @ProfileValueSourceConfiguration [null] for test class [com.livemd.document.api.DocumentsApiControllerTest]
10:52:02.689 [Test worker] DEBUG org.springframework.test.annotation.ProfileValueUtils - Retrieved ProfileValueSource type [class org.springframework.test.annotation.SystemProfileValueSource] for class [com.livemd.document.api.DocumentsApiControllerTest]
10:52:02.690 [Test worker] DEBUG org.springframework.test.annotation.ProfileValueUtils - Retrieved @ProfileValueSourceConfiguration [null] for test class [com.livemd.document.api.DocumentsApiControllerTest]
10:52:02.690 [Test worker] DEBUG org.springframework.test.annotation.ProfileValueUtils - Retrieved ProfileValueSource type [class org.springframework.test.annotation.SystemProfileValueSource] for class [com.livemd.document.api.DocumentsApiControllerTest]
10:52:02.697 [Test worker] DEBUG org.springframework.test.context.support.AbstractDirtiesContextTestExecutionListener - Before test class: context [DefaultTestContext@4d3b287d testClass = DocumentsApiControllerTest, testInstance = [null], testMethod = [null], testException = [null], mergedContextConfiguration = [WebMergedContextConfiguration@466249d0 testClass = DocumentsApiControllerTest, locations = '{}', classes = '{class com.livemd.document.Application}', contextInitializerClasses = '[]', activeProfiles = '{}', propertySourceLocations = '{}', propertySourceProperties = '{org.springframework.boot.test.context.SpringBootTestContextBootstrapper=true, server.port=0}', contextCustomizers = set[org.springframework.boot.test.autoconfigure.properties.PropertyMappingContextCustomizer@0, org.springframework.boot.test.autoconfigure.web.servlet.WebDriverContextCustomizerFactory$Customizer@3046d847, org.springframework.boot.test.context.filter.ExcludeFilterContextCustomizer@2be39cb9, org.springframework.boot.test.json.DuplicateJsonObjectContextCustomizerFactory$DuplicateJsonObjectContextCustomizer@4ddfbc4c, org.springframework.boot.test.mock.mockito.MockitoContextCustomizer@0, org.springframework.boot.test.web.client.TestRestTemplateContextCustomizer@6ccba81a], resourceBasePath = 'src/main/webapp', contextLoader = 'org.springframework.boot.test.context.SpringBootContextLoader', parent = [null]], attributes = map['org.springframework.test.context.web.ServletTestExecutionListener.activateListener' -> false]], class annotated with @DirtiesContext [false] with mode [null].
10:52:02.698 [Test worker] DEBUG org.springframework.test.annotation.ProfileValueUtils - Retrieved @ProfileValueSourceConfiguration [null] for test class [com.livemd.document.api.DocumentsApiControllerTest]
10:52:02.698 [Test worker] DEBUG org.springframework.test.annotation.ProfileValueUtils - Retrieved ProfileValueSource type [class org.springframework.test.annotation.SystemProfileValueSource] for class [com.livemd.document.api.DocumentsApiControllerTest]
10:52:02.703 [Test worker] DEBUG org.springframework.test.context.support.DependencyInjectionTestExecutionListener - Performing dependency injection for test context [[DefaultTestContext@4d3b287d testClass = DocumentsApiControllerTest, testInstance = com.livemd.document.api.DocumentsApiControllerTest@1c19447a, testMethod = [null], testException = [null], mergedContextConfiguration = [WebMergedContextConfiguration@466249d0 testClass = DocumentsApiControllerTest, locations = '{}', classes = '{class com.livemd.document.Application}', contextInitializerClasses = '[]', activeProfiles = '{}', propertySourceLocations = '{}', propertySourceProperties = '{org.springframework.boot.test.context.SpringBootTestContextBootstrapper=true, server.port=0}', contextCustomizers = set[org.springframework.boot.test.autoconfigure.properties.PropertyMappingContextCustomizer@0, org.springframework.boot.test.autoconfigure.web.servlet.WebDriverContextCustomizerFactory$Customizer@3046d847, org.springframework.boot.test.context.filter.ExcludeFilterContextCustomizer@2be39cb9, org.springframework.boot.test.json.DuplicateJsonObjectContextCustomizerFactory$DuplicateJsonObjectContextCustomizer@4ddfbc4c, org.springframework.boot.test.mock.mockito.MockitoContextCustomizer@0, org.springframework.boot.test.web.client.TestRestTemplateContextCustomizer@6ccba81a], resourceBasePath = 'src/main/webapp', contextLoader = 'org.springframework.boot.test.context.SpringBootContextLoader', parent = [null]], attributes = map['org.springframework.test.context.web.ServletTestExecutionListener.activateListener' -> false]]].
10:52:02.738 [Test worker] DEBUG org.springframework.test.context.support.TestPropertySourceUtils - Adding inlined properties to environment: {spring.jmx.enabled=false, org.springframework.boot.test.context.SpringBootTestContextBootstrapper=true, server.port=0}

  .   ____          _            __ _ _
 /\\ / ___'_ __ _ _(_)_ __  __ _ \ \ \ \
( ( )\___ | '_ | '_| | '_ \/ _` | \ \ \ \
 \\/  ___)| |_)| | | | | || (_| |  ) ) ) )
  '  |____| .__|_| |_|_| |_\__, | / / / /
 =========|_|==============|___/=/_/_/_/
 :: Spring Boot ::        (v2.1.7.RELEASE)

2020-10-15 10:52:03.202  INFO 12576 --- [    Test worker] c.l.d.api.DocumentsApiControllerTest     : Starting DocumentsApiControllerTest on DESKTOP-NRJ4RPV with PID 12576 (started by user in C:\final_project_document)
2020-10-15 10:52:03.205  INFO 12576 --- [    Test worker] c.l.d.api.DocumentsApiControllerTest     : No active profile set, falling back to default profiles: default
2020-10-15 10:52:04.434  INFO 12576 --- [    Test worker] .s.d.r.c.RepositoryConfigurationDelegate : Bootstrapping Spring Data repositories in DEFAULT mode.
2020-10-15 10:52:04.565  INFO 12576 --- [    Test worker] .s.d.r.c.RepositoryConfigurationDelegate : Finished Spring Data repository scanning in 114ms. Found 1 repository interfaces.
2020-10-15 10:52:05.132  INFO 12576 --- [    Test worker] trationDelegate$BeanPostProcessorChecker : Bean 'org.springframework.transaction.annotation.ProxyTransactionManagementConfiguration' of type [org.springframework.transaction.annotation.ProxyTransactionManagementConfiguration$$EnhancerBySpringCGLIB$$1fbde837] is not eligible for getting processed by all BeanPostProcessors (for example: not eligible for auto-proxying)
2020-10-15 10:52:05.813  INFO 12576 --- [    Test worker] o.s.b.w.embedded.tomcat.TomcatWebServer  : Tomcat initialized with port(s): 0 (http)
2020-10-15 10:52:05.855  INFO 12576 --- [    Test worker] o.apache.catalina.core.StandardService   : Starting service [Tomcat]
2020-10-15 10:52:05.856  INFO 12576 --- [    Test worker] org.apache.catalina.core.StandardEngine  : Starting Servlet engine: [Apache Tomcat/9.0.22]
2020-10-15 10:52:06.080  INFO 12576 --- [    Test worker] o.a.c.c.C.[Tomcat].[localhost].[/]       : Initializing Spring embedded WebApplicationContext
2020-10-15 10:52:06.081  INFO 12576 --- [    Test worker] o.s.web.context.ContextLoader            : Root WebApplicationContext: initialization completed in 2835 ms
2020-10-15 10:52:06.469  INFO 12576 --- [    Test worker] com.zaxxer.hikari.HikariDataSource       : HikariPool-1 - Starting...
2020-10-15 10:52:06.744  INFO 12576 --- [    Test worker] com.zaxxer.hikari.HikariDataSource       : HikariPool-1 - Start completed.
2020-10-15 10:52:06.906  INFO 12576 --- [    Test worker] o.hibernate.jpa.internal.util.LogHelper  : HHH000204: Processing PersistenceUnitInfo [
	name: default
	...]
2020-10-15 10:52:07.077  INFO 12576 --- [    Test worker] org.hibernate.Version                    : HHH000412: Hibernate Core {5.3.10.Final}
2020-10-15 10:52:07.081  INFO 12576 --- [    Test worker] org.hibernate.cfg.Environment            : HHH000206: hibernate.properties not found
2020-10-15 10:52:07.358  INFO 12576 --- [    Test worker] o.hibernate.annotations.common.Version   : HCANN000001: Hibernate Commons Annotations {5.0.4.Final}
2020-10-15 10:52:07.654  INFO 12576 --- [    Test worker] org.hibernate.dialect.Dialect            : HHH000400: Using dialect: org.hibernate.dialect.MySQL5InnoDBDialect
Hibernate: drop table if exists documents
Hibernate: create table documents (id bigint not null auto_increment, content varchar(255), owner varchar(255) not null, title varchar(255) not null, primary key (id)) engine=InnoDB
2020-10-15 10:52:08.599  INFO 12576 --- [    Test worker] o.h.t.schema.internal.SchemaCreatorImpl  : HHH000476: Executing import script 'org.hibernate.tool.schema.internal.exec.ScriptSourceInputNonExistentImpl@faa54b5'
2020-10-15 10:52:08.606  INFO 12576 --- [    Test worker] j.LocalContainerEntityManagerFactoryBean : Initialized JPA EntityManagerFactory for persistence unit 'default'
2020-10-15 10:52:10.166  INFO 12576 --- [    Test worker] o.s.s.concurrent.ThreadPoolTaskExecutor  : Initializing ExecutorService 'applicationTaskExecutor'
2020-10-15 10:52:10.296  WARN 12576 --- [    Test worker] aWebConfiguration$JpaWebMvcConfiguration : spring.jpa.open-in-view is enabled by default. Therefore, database queries may be performed during view rendering. Explicitly configure spring.jpa.open-in-view to disable this warning
2020-10-15 10:52:10.908  INFO 12576 --- [    Test worker] o.s.b.w.embedded.tomcat.TomcatWebServer  : Tomcat started on port(s): 50379 (http) with context path ''
2020-10-15 10:52:10.911  INFO 12576 --- [    Test worker] c.l.d.api.DocumentsApiControllerTest     : Started DocumentsApiControllerTest in 8.171 seconds (JVM running for 9.832)
2020-10-15 10:52:11.391  INFO 12576 --- [o-auto-1-exec-1] o.a.c.c.C.[Tomcat].[localhost].[/]       : Initializing Spring DispatcherServlet 'dispatcherServlet'
2020-10-15 10:52:11.391  INFO 12576 --- [o-auto-1-exec-1] o.s.web.servlet.DispatcherServlet        : Initializing Servlet 'dispatcherServlet'
2020-10-15 10:52:11.461  INFO 12576 --- [o-auto-1-exec-1] o.s.web.servlet.DispatcherServlet        : Completed initialization in 69 ms
Hibernate: insert into documents (content, owner, title) values (?, ?, ?)
2020-10-15 10:52:12.192  INFO 12576 --- [    Test worker] o.h.h.i.QueryTranslatorFactoryInitiator  : HHH000397: Using ASTQueryTranslatorFactory
Hibernate: select documents0_.id as id1_0_, documents0_.content as content2_0_, documents0_.owner as owner3_0_, documents0_.title as title4_0_ from documents documents0_
Hibernate: select documents0_.id as id1_0_, documents0_.content as content2_0_, documents0_.owner as owner3_0_, documents0_.title as title4_0_ from documents documents0_
Hibernate: delete from documents where id=?
]]></system-out>
  <system-err><![CDATA[]]></system-err>
</testsuite>
